<?xml version="1.0" encoding="UTF-8"?>
<!-- Generated by org.testng.reporters.JUnitReportReporter -->
<testsuite skipped="0" hostname="vinz" name="org.learning.com.Demo2" tests="1" failures="0" timestamp="2021-12-02T19:52:26 MST" time="7.535" errors="0">
  <testcase name="test2" time="7.535" classname="org.learning.com.Demo2"/>
  <system-out/>
</testsuite> <!-- org.learning.com.Demo2 -->
