<?xml version="1.0" encoding="UTF-8"?>
<!-- Generated by org.testng.reporters.JUnitReportReporter -->
<testsuite skipped="0" hostname="vinz" name="org.learningselenium.com.InvocCount" tests="5" failures="0" timestamp="2021-12-02T16:38:40 MST" time="0.000" errors="0">
  <testcase name="methodA" time="0.000" classname="org.learningselenium.com.InvocCount"/>
  <system-out/>
  <testcase name="methodA" time="0.000" classname="org.learningselenium.com.InvocCount"/>
  <system-out/>
  <testcase name="methodA" time="0.000" classname="org.learningselenium.com.InvocCount"/>
  <system-out/>
  <testcase name="methodB" time="0.000" classname="org.learningselenium.com.InvocCount"/>
  <system-out/>
  <testcase name="methodA" time="0.000" classname="org.learningselenium.com.InvocCount"/>
  <system-out/>
</testsuite> <!-- org.learningselenium.com.InvocCount -->
